<?xml version="1.0" encoding="UTF-8"?>
<!-- Generated by org.testng.reporters.JUnitXMLReporter -->
<testsuite ignored="0" hostname="DESKTOP-N68GHK8" failures="2" tests="7" name="Testng.xml" time="0.285" errors="0" timestamp="2025-03-27T11:44:26 IST">
  <testcase classname="Tests.CoursesTests" name="f" time="0.037"/>
  <testcase classname="Tests.ContactUsTests" name="tc001" time="0.009">
    <failure type="java.lang.AssertionError" message="expected [courses12345] but found [courses]">
      <![CDATA[java.lang.AssertionError: expected [courses12345] but found [courses]
at Tests.ContactUsTests.tc001(ContactUsTests.java:14)
at java.base/java.util.ArrayList.forEach(ArrayList.java:1597)
... Removed 31 stack frames]]>
    </failure>
  </testcase> <!-- tc001 -->
  <testcase classname="Tests.ContactUsTests" name="tc002" time="0.008"/>
  <testcase classname="Tests.ContactUsTests" name="tc003" time="0.004">
    <failure type="java.lang.AssertionError" message="testcase failed">
      <![CDATA[java.lang.AssertionError: testcase failed
at Tests.ContactUsTests.tc003(ContactUsTests.java:43)
at java.base/java.util.ArrayList.forEach(ArrayList.java:1597)
... Removed 26 stack frames]]>
    </failure>
  </testcase> <!-- tc003 -->
  <testcase classname="Tests.ContactUsTests" name="tc004" time="0.003"/>
  <testcase classname="Tests.ContactUsTests" name="tc005" time="0.005"/>
  <testcase classname="Tests.HomeTests" name="f" time="0.003"/>
</testsuite> <!-- Testng.xml -->
